#
# There is insufficient memory for the Java Runtime Environment to continue.
# Native memory allocation (mmap) failed to map 65536 bytes for Failed to commit metaspace.
# Possible reasons:
#   The system is out of physical RAM or swap space
#   The process is running with CompressedOops enabled, and the Java Heap may be blocking the growth of the native heap
# Possible solutions:
#   Reduce memory load on the system
#   Increase physical memory or swap space
#   Check if swap backing store is full
#   Decrease Java heap size (-Xmx/-Xms)
#   Decrease number of Java threads
#   Decrease Java thread stack sizes (-Xss)
#   Set larger code cache with -XX:ReservedCodeCacheSize=
#   JVM is running with Zero Based Compressed Oops mode in which the Java heap is
#     placed in the first 32GB address space. The Java Heap base address is the
#     maximum limit for the native heap growth. Please use -XX:HeapBaseMinAddress
#     to set the Java Heap base and to place the Java Heap above 32GB virtual address.
# This output file may be truncated or incomplete.
#
#  Out of Memory Error (virtualSpaceNode.cpp:110), pid=22868, tid=25048
#
# JRE version: Java(TM) SE Runtime Environment (19.0+36) (build 19+36-2238)
# Java VM: Java HotSpot(TM) 64-Bit Server VM (19+36-2238, mixed mode, sharing, tiered, compressed oops, compressed class ptrs, g1 gc, windows-amd64)
# No core dump will be written. Minidumps are not enabled by default on client versions of Windows
#

---------------  S U M M A R Y ------------

Command Line: -Dfile.encoding=UTF-8 --module-path=C:\Users\Payal\Documents\NetBeansProjects\Employee Management System\build\classes employee.management.system.UpdateEmployee

Host: Intel(R) Core(TM) i5-7200U CPU @ 2.50GHz, 4 cores, 15G,  Windows 10 , 64 bit Build 17763 (10.0.17763.475)
Time: Wed Sep 28 12:29:13 2022 India Standard Time elapsed time: 0.751847 seconds (0d 0h 0m 0s)

---------------  T H R E A D  ---------------

Current thread (0x000001af5dcbcac0):  JavaThread "main" [_thread_in_vm, id=25048, stack(0x0000005e28700000,0x0000005e28800000)]

Stack: [0x0000005e28700000,0x0000005e28800000]
Native frames: (J=compiled Java code, j=interpreted, Vv=VM code, C=native code)
V  [jvm.dll+0x6ee8fa]
V  [jvm.dll+0x857a1e]
V  [jvm.dll+0x85940e]
V  [jvm.dll+0x859ac3]
V  [jvm.dll+0x28291f]
V  [jvm.dll+0x85369b]
V  [jvm.dll+0x693276]
V  [jvm.dll+0x6932da]
V  [jvm.dll+0x695bd3]
V  [jvm.dll+0x695a9e]
V  [jvm.dll+0x693c9e]
V  [jvm.dll+0x28015c]
V  [jvm.dll+0x7435dd]
V  [jvm.dll+0x743fdf]
V  [jvm.dll+0x3c9afe]
V  [jvm.dll+0x3c8c74]
V  [jvm.dll+0x3c8c18]
V  [jvm.dll+0x5cfab9]
V  [jvm.dll+0x5ce9b4]
V  [jvm.dll+0x3ddf27]
V  [jvm.dll+0x3dd57f]
C  0x000001af6d16c1b7

Java frames: (J=compiled Java code, j=interpreted, Vv=VM code)
j  sun.java2d.SurfaceData.makeRenderLoops(Lsun/java2d/loops/SurfaceType;Lsun/java2d/loops/CompositeType;Lsun/java2d/loops/SurfaceType;)Lsun/java2d/loops/RenderLoops;+132 java.desktop@19
j  sun.awt.Win32GraphicsConfig.getSolidLoops(Lsun/java2d/loops/SurfaceType;)Lsun/java2d/loops/RenderLoops;+23 java.desktop@19
j  sun.java2d.windows.GDIWindowSurfaceData.<init>(Lsun/awt/windows/WComponentPeer;Lsun/java2d/loops/SurfaceType;)V+138 java.desktop@19
j  sun.java2d.windows.GDIWindowSurfaceData.createData(Lsun/awt/windows/WComponentPeer;)Lsun/java2d/windows/GDIWindowSurfaceData;+14 java.desktop@19
j  sun.awt.Win32GraphicsConfig.createSurfaceData(Lsun/awt/windows/WComponentPeer;I)Lsun/java2d/SurfaceData;+1 java.desktop@19
j  sun.java2d.ScreenUpdateManager.createScreenSurface(Lsun/awt/Win32GraphicsConfig;Lsun/awt/windows/WComponentPeer;IZ)Lsun/java2d/SurfaceData;+3 java.desktop@19
j  sun.java2d.d3d.D3DScreenUpdateManager.createScreenSurface(Lsun/awt/Win32GraphicsConfig;Lsun/awt/windows/WComponentPeer;IZ)Lsun/java2d/SurfaceData;+20 java.desktop@19
j  sun.awt.windows.WComponentPeer.createScreenSurface(Z)V+21 java.desktop@19
j  sun.awt.windows.WComponentPeer.<init>(Ljava/awt/Component;)V+79 java.desktop@19
j  sun.awt.windows.WCanvasPeer.<init>(Ljava/awt/Component;)V+2 java.desktop@19
j  sun.awt.windows.WPanelPeer.<init>(Ljava/awt/Component;)V+2 java.desktop@19
j  sun.awt.windows.WWindowPeer.<init>(Ljava/awt/Window;)V+2 java.desktop@19
j  sun.awt.windows.WFramePeer.<init>(Ljava/awt/Frame;)V+2 java.desktop@19
j  sun.awt.windows.WToolkit.createFrame(Ljava/awt/Frame;)Ljava/awt/peer/FramePeer;+5 java.desktop@19
j  java.awt.Frame.addNotify()V+20 java.desktop@19
j  java.awt.Window.show()V+8 java.desktop@19
j  java.awt.Component.show(Z)V+5 java.desktop@19
j  java.awt.Component.setVisible(Z)V+2 java.desktop@19
j  java.awt.Window.setVisible(Z)V+2 java.desktop@19
j  employee.management.system.UpdateEmployee.<init>(Ljava/lang/String;)V+340
j  employee.management.system.UpdateEmployee.main([Ljava/lang/String;)V+6
v  ~StubRoutines::call_stub 0x000001af6d14100e

---------------  P R O C E S S  ---------------

Threads class SMR info:
_java_thread_list=0x000001af7ea296b0, length=16, elements={
0x000001af5dcbcac0, 0x000001af7e809a50, 0x000001af7e80a380, 0x000001af7e80b070,
0x000001af7e80cc30, 0x000001af7e80d920, 0x000001af7e810260, 0x000001af7e812ed0,
0x000001af7e81bd90, 0x000001af7e8398c0, 0x000001af7e7de9c0, 0x000001af7ea759a0,
0x000001af7ec8d240, 0x000001af7ec90240, 0x000001af7ec9a670, 0x000001af7f7c4040
}

Java Threads: ( => current thread )
=>0x000001af5dcbcac0 JavaThread "main" [_thread_in_vm, id=25048, stack(0x0000005e28700000,0x0000005e28800000)]
  0x000001af7e809a50 JavaThread "Reference Handler" daemon [_thread_blocked, id=4848, stack(0x0000005e28e00000,0x0000005e28f00000)]
  0x000001af7e80a380 JavaThread "Finalizer" daemon [_thread_blocked, id=24384, stack(0x0000005e28f00000,0x0000005e29000000)]
  0x000001af7e80b070 JavaThread "Signal Dispatcher" daemon [_thread_blocked, id=24168, stack(0x0000005e29000000,0x0000005e29100000)]
  0x000001af7e80cc30 JavaThread "Attach Listener" daemon [_thread_blocked, id=5620, stack(0x0000005e29100000,0x0000005e29200000)]
  0x000001af7e80d920 JavaThread "Service Thread" daemon [_thread_blocked, id=10932, stack(0x0000005e29200000,0x0000005e29300000)]
  0x000001af7e810260 JavaThread "Monitor Deflation Thread" daemon [_thread_blocked, id=23860, stack(0x0000005e29300000,0x0000005e29400000)]
  0x000001af7e812ed0 JavaThread "C2 CompilerThread0" daemon [_thread_blocked, id=1428, stack(0x0000005e29400000,0x0000005e29500000)]
  0x000001af7e81bd90 JavaThread "C1 CompilerThread0" daemon [_thread_blocked, id=20796, stack(0x0000005e29500000,0x0000005e29600000)]
  0x000001af7e8398c0 JavaThread "Sweeper thread" daemon [_thread_blocked, id=24232, stack(0x0000005e29600000,0x0000005e29700000)]
  0x000001af7e7de9c0 JavaThread "Common-Cleaner" daemon [_thread_blocked, id=232, stack(0x0000005e29700000,0x0000005e29800000)]
  0x000001af7ea759a0 JavaThread "Notification Thread" daemon [_thread_blocked, id=6732, stack(0x0000005e29800000,0x0000005e29900000)]
  0x000001af7ec8d240 JavaThread "Java2D Disposer" daemon [_thread_blocked, id=23564, stack(0x0000005e29a00000,0x0000005e29b00000)]
  0x000001af7ec90240 JavaThread "AWT-Shutdown" [_thread_blocked, id=23444, stack(0x0000005e29b00000,0x0000005e29c00000)]
  0x000001af7ec9a670 JavaThread "AWT-Windows" daemon [_thread_in_native, id=24152, stack(0x0000005e29c00000,0x0000005e29d00000)]
  0x000001af7f7c4040 JavaThread "AWT-EventQueue-0" [_thread_blocked, id=24916, stack(0x0000005e29d00000,0x0000005e29e00000)]

Other Threads:
  0x000001af7e7f0a90 VMThread "VM Thread" [stack: 0x0000005e28d00000,0x0000005e28e00000] [id=24252]
  0x000001af7ea95ea0 WatcherThread "VM Periodic Task Thread" [stack: 0x0000005e29900000,0x0000005e29a00000] [id=19216]
  0x000001af5dd2c0e0 WorkerThread "GC Thread#0" [stack: 0x0000005e28800000,0x0000005e28900000] [id=25184]
  0x000001af5dd3e030 ConcurrentGCThread "G1 Main Marker" [stack: 0x0000005e28900000,0x0000005e28a00000] [id=24400]
  0x000001af5dd3f620 WorkerThread "G1 Conc#0" [stack: 0x0000005e28a00000,0x0000005e28b00000] [id=22028]
  0x000001af5dd7e150 ConcurrentGCThread "G1 Refine#0" [stack: 0x0000005e28b00000,0x0000005e28c00000] [id=21016]
  0x000001af5dd7eb90 ConcurrentGCThread "G1 Service" [stack: 0x0000005e28c00000,0x0000005e28d00000] [id=24972]

Threads with active compile tasks:

VM state: not at safepoint (normal execution)

VM Mutex/Monitor currently owned by a thread:  ([mutex/lock_event])
[0x000001af5dcb63a0] Metaspace_lock - owner thread: 0x000001af5dcbcac0

Heap address: 0x0000000701c00000, size: 4068 MB, Compressed Oops mode: Zero based, Oop shift amount: 3

CDS archive(s) mapped at: [0x0000000800000000-0x0000000800c40000-0x0000000800c40000), size 12845056, SharedBaseAddress: 0x0000000800000000, ArchiveRelocationMode: 0.
Compressed class space mapped at: 0x0000000801000000-0x0000000841000000, reserved size: 1073741824
Narrow klass base: 0x0000000800000000, Narrow klass shift: 0, Narrow klass range: 0x100000000

GC Precious Log:
 CardTable entry size: 512
 Card Set container configuration: InlinePtr #cards 4 size 8 Array Of Cards #cards 8 size 32 Howl #buckets 8 coarsen threshold 3686 Howl Bitmap #cards 512 size 80 coarsen threshold 460 Card regions per heap region 1 cards per card region 4096
 CPUs: 4 total, 4 available
 Memory: 16267M
 Large Page Support: Disabled
 NUMA Support: Disabled
 Compressed Oops: Enabled (Zero based)
 Heap Region Size: 2M
 Heap Min Capacity: 8M
 Heap Initial Capacity: 256M
 Heap Max Capacity: 4068M
 Pre-touch: Disabled
 Parallel Workers: 4
 Concurrent Workers: 1
 Concurrent Refinement Workers: 4
 Periodic GC: Disabled

Heap:
 garbage-first heap   total 262144K, used 4096K [0x0000000701c00000, 0x0000000800000000)
  region size 2048K, 3 young (6144K), 0 survivors (0K)
 Metaspace       used 5791K, committed 5952K, reserved 1114112K
  class space    used 651K, committed 768K, reserved 1048576K

Heap Regions: E=young(eden), S=young(survivor), O=old, HS=humongous(starts), HC=humongous(continues), CS=collection set, F=free, OA=open archive, CA=closed archive, TAMS=top-at-mark-start (previous, next)
|   0|0x0000000701c00000, 0x0000000701c00000, 0x0000000701e00000|  0%| F|  |TAMS 0x0000000701c00000, 0x0000000701c00000| Untracked 
|   1|0x0000000701e00000, 0x0000000701e00000, 0x0000000702000000|  0%| F|  |TAMS 0x0000000701e00000, 0x0000000701e00000| Untracked 
|   2|0x0000000702000000, 0x0000000702000000, 0x0000000702200000|  0%| F|  |TAMS 0x0000000702000000, 0x0000000702000000| Untracked 
|   3|0x0000000702200000, 0x0000000702200000, 0x0000000702400000|  0%| F|  |TAMS 0x0000000702200000, 0x0000000702200000| Untracked 
|   4|0x0000000702400000, 0x0000000702400000, 0x0000000702600000|  0%| F|  |TAMS 0x0000000702400000, 0x0000000702400000| Untracked 
|   5|0x0000000702600000, 0x0000000702600000, 0x0000000702800000|  0%| F|  |TAMS 0x0000000702600000, 0x0000000702600000| Untracked 
|   6|0x0000000702800000, 0x0000000702800000, 0x0000000702a00000|  0%| F|  |TAMS 0x0000000702800000, 0x0000000702800000| Untracked 
|   7|0x0000000702a00000, 0x0000000702a00000, 0x0000000702c00000|  0%| F|  |TAMS 0x0000000702a00000, 0x0000000702a00000| Untracked 
|   8|0x0000000702c00000, 0x0000000702c00000, 0x0000000702e00000|  0%| F|  |TAMS 0x0000000702c00000, 0x0000000702c00000| Untracked 
|   9|0x0000000702e00000, 0x0000000702e00000, 0x0000000703000000|  0%| F|  |TAMS 0x0000000702e00000, 0x0000000702e00000| Untracked 
|  10|0x0000000703000000, 0x0000000703000000, 0x0000000703200000|  0%| F|  |TAMS 0x0000000703000000, 0x0000000703000000| Untracked 
|  11|0x0000000703200000, 0x0000000703200000, 0x0000000703400000|  0%| F|  |TAMS 0x0000000703200000, 0x0000000703200000| Untracked 
|  12|0x0000000703400000, 0x0000000703400000, 0x0000000703600000|  0%| F|  |TAMS 0x0000000703400000, 0x0000000703400000| Untracked 
|  13|0x0000000703600000, 0x0000000703600000, 0x0000000703800000|  0%| F|  |TAMS 0x0000000703600000, 0x0000000703600000| Untracked 
|  14|0x0000000703800000, 0x0000000703800000, 0x0000000703a00000|  0%| F|  |TAMS 0x0000000703800000, 0x0000000703800000| Untracked 
|  15|0x0000000703a00000, 0x0000000703a00000, 0x0000000703c00000|  0%| F|  |TAMS 0x0000000703a00000, 0x0000000703a00000| Untracked 
|  16|0x0000000703c00000, 0x0000000703c00000, 0x0000000703e00000|  0%| F|  |TAMS 0x0000000703c00000, 0x0000000703c00000| Untracked 
|  17|0x0000000703e00000, 0x0000000703e00000, 0x0000000704000000|  0%| F|  |TAMS 0x0000000703e00000, 0x0000000703e00000| Untracked 
|  18|0x0000000704000000, 0x0000000704000000, 0x0000000704200000|  0%| F|  |TAMS 0x0000000704000000, 0x0000000704000000| Untracked 
|  19|0x0000000704200000, 0x0000000704200000, 0x0000000704400000|  0%| F|  |TAMS 0x0000000704200000, 0x0000000704200000| Untracked 
|  20|0x0000000704400000, 0x0000000704400000, 0x0000000704600000|  0%| F|  |TAMS 0x0000000704400000, 0x0000000704400000| Untracked 
|  21|0x0000000704600000, 0x0000000704600000, 0x0000000704800000|  0%| F|  |TAMS 0x0000000704600000, 0x0000000704600000| Untracked 
|  22|0x0000000704800000, 0x0000000704800000, 0x0000000704a00000|  0%| F|  |TAMS 0x0000000704800000, 0x0000000704800000| Untracked 
|  23|0x0000000704a00000, 0x0000000704a00000, 0x0000000704c00000|  0%| F|  |TAMS 0x0000000704a00000, 0x0000000704a00000| Untracked 
|  24|0x0000000704c00000, 0x0000000704c00000, 0x0000000704e00000|  0%| F|  |TAMS 0x0000000704c00000, 0x0000000704c00000| Untracked 
|  25|0x0000000704e00000, 0x0000000704e00000, 0x0000000705000000|  0%| F|  |TAMS 0x0000000704e00000, 0x0000000704e00000| Untracked 
|  26|0x0000000705000000, 0x0000000705000000, 0x0000000705200000|  0%| F|  |TAMS 0x0000000705000000, 0x0000000705000000| Untracked 
|  27|0x0000000705200000, 0x0000000705200000, 0x0000000705400000|  0%| F|  |TAMS 0x0000000705200000, 0x0000000705200000| Untracked 
|  28|0x0000000705400000, 0x0000000705400000, 0x0000000705600000|  0%| F|  |TAMS 0x0000000705400000, 0x0000000705400000| Untracked 
|  29|0x0000000705600000, 0x0000000705600000, 0x0000000705800000|  0%| F|  |TAMS 0x0000000705600000, 0x0000000705600000| Untracked 
|  30|0x0000000705800000, 0x0000000705800000, 0x0000000705a00000|  0%| F|  |TAMS 0x0000000705800000, 0x0000000705800000| Untracked 
|  31|0x0000000705a00000, 0x0000000705a00000, 0x0000000705c00000|  0%| F|  |TAMS 0x0000000705a00000, 0x0000000705a00000| Untracked 
|  32|0x0000000705c00000, 0x0000000705c00000, 0x0000000705e00000|  0%| F|  |TAMS 0x0000000705c00000, 0x0000000705c00000| Untracked 
|  33|0x0000000705e00000, 0x0000000705e00000, 0x0000000706000000|  0%| F|  |TAMS 0x0000000705e00000, 0x0000000705e00000| Untracked 
|  34|0x0000000706000000, 0x0000000706000000, 0x0000000706200000|  0%| F|  |TAMS 0x0000000706000000, 0x0000000706000000| Untracked 
|  35|0x0000000706200000, 0x0000000706200000, 0x0000000706400000|  0%| F|  |TAMS 0x0000000706200000, 0x0000000706200000| Untracked 
|  36|0x0000000706400000, 0x0000000706400000, 0x0000000706600000|  0%| F|  |TAMS 0x0000000706400000, 0x0000000706400000| Untracked 
|  37|0x0000000706600000, 0x0000000706600000, 0x0000000706800000|  0%| F|  |TAMS 0x0000000706600000, 0x0000000706600000| Untracked 
|  38|0x0000000706800000, 0x0000000706800000, 0x0000000706a00000|  0%| F|  |TAMS 0x0000000706800000, 0x0000000706800000| Untracked 
|  39|0x0000000706a00000, 0x0000000706a00000, 0x0000000706c00000|  0%| F|  |TAMS 0x0000000706a00000, 0x0000000706a00000| Untracked 
|  40|0x0000000706c00000, 0x0000000706c00000, 0x0000000706e00000|  0%| F|  |TAMS 0x0000000706c00000, 0x0000000706c00000| Untracked 
|  41|0x0000000706e00000, 0x0000000706e00000, 0x0000000707000000|  0%| F|  |TAMS 0x0000000706e00000, 0x0000000706e00000| Untracked 
|  42|0x0000000707000000, 0x0000000707000000, 0x0000000707200000|  0%| F|  |TAMS 0x0000000707000000, 0x0000000707000000| Untracked 
|  43|0x0000000707200000, 0x0000000707200000, 0x0000000707400000|  0%| F|  |TAMS 0x0000000707200000, 0x0000000707200000| Untracked 
|  44|0x0000000707400000, 0x0000000707400000, 0x0000000707600000|  0%| F|  |TAMS 0x0000000707400000, 0x0000000707400000| Untracked 
|  45|0x0000000707600000, 0x0000000707600000, 0x0000000707800000|  0%| F|  |TAMS 0x0000000707600000, 0x0000000707600000| Untracked 
|  46|0x0000000707800000, 0x0000000707800000, 0x0000000707a00000|  0%| F|  |TAMS 0x0000000707800000, 0x0000000707800000| Untracked 
|  47|0x0000000707a00000, 0x0000000707a00000, 0x0000000707c00000|  0%| F|  |TAMS 0x0000000707a00000, 0x0000000707a00000| Untracked 
|  48|0x0000000707c00000, 0x0000000707c00000, 0x0000000707e00000|  0%| F|  |TAMS 0x0000000707c00000, 0x0000000707c00000| Untracked 
|  49|0x0000000707e00000, 0x0000000707e00000, 0x0000000708000000|  0%| F|  |TAMS 0x0000000707e00000, 0x0000000707e00000| Untracked 
|  50|0x0000000708000000, 0x0000000708000000, 0x0000000708200000|  0%| F|  |TAMS 0x0000000708000000, 0x0000000708000000| Untracked 
|  51|0x0000000708200000, 0x0000000708200000, 0x0000000708400000|  0%| F|  |TAMS 0x0000000708200000, 0x0000000708200000| Untracked 
|  52|0x0000000708400000, 0x0000000708400000, 0x0000000708600000|  0%| F|  |TAMS 0x0000000708400000, 0x0000000708400000| Untracked 
|  53|0x0000000708600000, 0x0000000708600000, 0x0000000708800000|  0%| F|  |TAMS 0x0000000708600000, 0x0000000708600000| Untracked 
|  54|0x0000000708800000, 0x0000000708800000, 0x0000000708a00000|  0%| F|  |TAMS 0x0000000708800000, 0x0000000708800000| Untracked 
|  55|0x0000000708a00000, 0x0000000708a00000, 0x0000000708c00000|  0%| F|  |TAMS 0x0000000708a00000, 0x0000000708a00000| Untracked 
|  56|0x0000000708c00000, 0x0000000708c00000, 0x0000000708e00000|  0%| F|  |TAMS 0x0000000708c00000, 0x0000000708c00000| Untracked 
|  57|0x0000000708e00000, 0x0000000708e00000, 0x0000000709000000|  0%| F|  |TAMS 0x0000000708e00000, 0x0000000708e00000| Untracked 
|  58|0x0000000709000000, 0x0000000709000000, 0x0000000709200000|  0%| F|  |TAMS 0x0000000709000000, 0x0000000709000000| Untracked 
|  59|0x0000000709200000, 0x0000000709200000, 0x0000000709400000|  0%| F|  |TAMS 0x0000000709200000, 0x0000000709200000| Untracked 
|  60|0x0000000709400000, 0x0000000709400000, 0x0000000709600000|  0%| F|  |TAMS 0x0000000709400000, 0x0000000709400000| Untracked 
|  61|0x0000000709600000, 0x0000000709600000, 0x0000000709800000|  0%| F|  |TAMS 0x0000000709600000, 0x0000000709600000| Untracked 
|  62|0x0000000709800000, 0x0000000709800000, 0x0000000709a00000|  0%| F|  |TAMS 0x0000000709800000, 0x0000000709800000| Untracked 
|  63|0x0000000709a00000, 0x0000000709a00000, 0x0000000709c00000|  0%| F|  |TAMS 0x0000000709a00000, 0x0000000709a00000| Untracked 
|  64|0x0000000709c00000, 0x0000000709c00000, 0x0000000709e00000|  0%| F|  |TAMS 0x0000000709c00000, 0x0000000709c00000| Untracked 
|  65|0x0000000709e00000, 0x0000000709e00000, 0x000000070a000000|  0%| F|  |TAMS 0x0000000709e00000, 0x0000000709e00000| Untracked 
|  66|0x000000070a000000, 0x000000070a000000, 0x000000070a200000|  0%| F|  |TAMS 0x000000070a000000, 0x000000070a000000| Untracked 
|  67|0x000000070a200000, 0x000000070a200000, 0x000000070a400000|  0%| F|  |TAMS 0x000000070a200000, 0x000000070a200000| Untracked 
|  68|0x000000070a400000, 0x000000070a400000, 0x000000070a600000|  0%| F|  |TAMS 0x000000070a400000, 0x000000070a400000| Untracked 
|  69|0x000000070a600000, 0x000000070a600000, 0x000000070a800000|  0%| F|  |TAMS 0x000000070a600000, 0x000000070a600000| Untracked 
|  70|0x000000070a800000, 0x000000070a800000, 0x000000070aa00000|  0%| F|  |TAMS 0x000000070a800000, 0x000000070a800000| Untracked 
|  71|0x000000070aa00000, 0x000000070aa00000, 0x000000070ac00000|  0%| F|  |TAMS 0x000000070aa00000, 0x000000070aa00000| Untracked 
|  72|0x000000070ac00000, 0x000000070ac00000, 0x000000070ae00000|  0%| F|  |TAMS 0x000000070ac00000, 0x000000070ac00000| Untracked 
|  73|0x000000070ae00000, 0x000000070ae00000, 0x000000070b000000|  0%| F|  |TAMS 0x000000070ae00000, 0x000000070ae00000| Untracked 
|  74|0x000000070b000000, 0x000000070b000000, 0x000000070b200000|  0%| F|  |TAMS 0x000000070b000000, 0x000000070b000000| Untracked 
|  75|0x000000070b200000, 0x000000070b200000, 0x000000070b400000|  0%| F|  |TAMS 0x000000070b200000, 0x000000070b200000| Untracked 
|  76|0x000000070b400000, 0x000000070b400000, 0x000000070b600000|  0%| F|  |TAMS 0x000000070b400000, 0x000000070b400000| Untracked 
|  77|0x000000070b600000, 0x000000070b600000, 0x000000070b800000|  0%| F|  |TAMS 0x000000070b600000, 0x000000070b600000| Untracked 
|  78|0x000000070b800000, 0x000000070b800000, 0x000000070ba00000|  0%| F|  |TAMS 0x000000070b800000, 0x000000070b800000| Untracked 
|  79|0x000000070ba00000, 0x000000070ba00000, 0x000000070bc00000|  0%| F|  |TAMS 0x000000070ba00000, 0x000000070ba00000| Untracked 
|  80|0x000000070bc00000, 0x000000070bc00000, 0x000000070be00000|  0%| F|  |TAMS 0x000000070bc00000, 0x000000070bc00000| Untracked 
|  81|0x000000070be00000, 0x000000070be00000, 0x000000070c000000|  0%| F|  |TAMS 0x000000070be00000, 0x000000070be00000| Untracked 
|  82|0x000000070c000000, 0x000000070c000000, 0x000000070c200000|  0%| F|  |TAMS 0x000000070c000000, 0x000000070c000000| Untracked 
|  83|0x000000070c200000, 0x000000070c200000, 0x000000070c400000|  0%| F|  |TAMS 0x000000070c200000, 0x000000070c200000| Untracked 
|  84|0x000000070c400000, 0x000000070c400000, 0x000000070c600000|  0%| F|  |TAMS 0x000000070c400000, 0x000000070c400000| Untracked 
|  85|0x000000070c600000, 0x000000070c600000, 0x000000070c800000|  0%| F|  |TAMS 0x000000070c600000, 0x000000070c600000| Untracked 
|  86|0x000000070c800000, 0x000000070c800000, 0x000000070ca00000|  0%| F|  |TAMS 0x000000070c800000, 0x000000070c800000| Untracked 
|  87|0x000000070ca00000, 0x000000070ca00000, 0x000000070cc00000|  0%| F|  |TAMS 0x000000070ca00000, 0x000000070ca00000| Untracked 
|  88|0x000000070cc00000, 0x000000070cc00000, 0x000000070ce00000|  0%| F|  |TAMS 0x000000070cc00000, 0x000000070cc00000| Untracked 
|  89|0x000000070ce00000, 0x000000070ce00000, 0x000000070d000000|  0%| F|  |TAMS 0x000000070ce00000, 0x000000070ce00000| Untracked 
|  90|0x000000070d000000, 0x000000070d000000, 0x000000070d200000|  0%| F|  |TAMS 0x000000070d000000, 0x000000070d000000| Untracked 
|  91|0x000000070d200000, 0x000000070d200000, 0x000000070d400000|  0%| F|  |TAMS 0x000000070d200000, 0x000000070d200000| Untracked 
|  92|0x000000070d400000, 0x000000070d400000, 0x000000070d600000|  0%| F|  |TAMS 0x000000070d400000, 0x000000070d400000| Untracked 
|  93|0x000000070d600000, 0x000000070d600000, 0x000000070d800000|  0%| F|  |TAMS 0x000000070d600000, 0x000000070d600000| Untracked 
|  94|0x000000070d800000, 0x000000070d800000, 0x000000070da00000|  0%| F|  |TAMS 0x000000070d800000, 0x000000070d800000| Untracked 
|  95|0x000000070da00000, 0x000000070da00000, 0x000000070dc00000|  0%| F|  |TAMS 0x000000070da00000, 0x000000070da00000| Untracked 
|  96|0x000000070dc00000, 0x000000070dc00000, 0x000000070de00000|  0%| F|  |TAMS 0x000000070dc00000, 0x000000070dc00000| Untracked 
|  97|0x000000070de00000, 0x000000070de00000, 0x000000070e000000|  0%| F|  |TAMS 0x000000070de00000, 0x000000070de00000| Untracked 
|  98|0x000000070e000000, 0x000000070e000000, 0x000000070e200000|  0%| F|  |TAMS 0x000000070e000000, 0x000000070e000000| Untracked 
|  99|0x000000070e200000, 0x000000070e200000, 0x000000070e400000|  0%| F|  |TAMS 0x000000070e200000, 0x000000070e200000| Untracked 
| 100|0x000000070e400000, 0x000000070e400000, 0x000000070e600000|  0%| F|  |TAMS 0x000000070e400000, 0x000000070e400000| Untracked 
| 101|0x000000070e600000, 0x000000070e600000, 0x000000070e800000|  0%| F|  |TAMS 0x000000070e600000, 0x000000070e600000| Untracked 
| 102|0x000000070e800000, 0x000000070e800000, 0x000000070ea00000|  0%| F|  |TAMS 0x000000070e800000, 0x000000070e800000| Untracked 
| 103|0x000000070ea00000, 0x000000070ea00000, 0x000000070ec00000|  0%| F|  |TAMS 0x000000070ea00000, 0x000000070ea00000| Untracked 
| 104|0x000000070ec00000, 0x000000070ec00000, 0x000000070ee00000|  0%| F|  |TAMS 0x000000070ec00000, 0x000000070ec00000| Untracked 
| 105|0x000000070ee00000, 0x000000070ee00000, 0x000000070f000000|  0%| F|  |TAMS 0x000000070ee00000, 0x000000070ee00000| Untracked 
| 106|0x000000070f000000, 0x000000070f000000, 0x000000070f200000|  0%| F|  |TAMS 0x000000070f000000, 0x000000070f000000| Untracked 
| 107|0x000000070f200000, 0x000000070f200000, 0x000000070f400000|  0%| F|  |TAMS 0x000000070f200000, 0x000000070f200000| Untracked 
| 108|0x000000070f400000, 0x000000070f400000, 0x000000070f600000|  0%| F|  |TAMS 0x000000070f400000, 0x000000070f400000| Untracked 
| 109|0x000000070f600000, 0x000000070f600000, 0x000000070f800000|  0%| F|  |TAMS 0x000000070f600000, 0x000000070f600000| Untracked 
| 110|0x000000070f800000, 0x000000070f800000, 0x000000070fa00000|  0%| F|  |TAMS 0x000000070f800000, 0x000000070f800000| Untracked 
| 111|0x000000070fa00000, 0x000000070fa00000, 0x000000070fc00000|  0%| F|  |TAMS 0x000000070fa00000, 0x000000070fa00000| Untracked 
| 112|0x000000070fc00000, 0x000000070fc00000, 0x000000070fe00000|  0%| F|  |TAMS 0x000000070fc00000, 0x000000070fc00000| Untracked 
| 113|0x000000070fe00000, 0x000000070fe00000, 0x0000000710000000|  0%| F|  |TAMS 0x000000070fe00000, 0x000000070fe00000| Untracked 
| 114|0x0000000710000000, 0x0000000710000000, 0x0000000710200000|  0%| F|  |TAMS 0x0000000710000000, 0x0000000710000000| Untracked 
| 115|0x0000000710200000, 0x0000000710200000, 0x0000000710400000|  0%| F|  |TAMS 0x0000000710200000, 0x0000000710200000| Untracked 
| 116|0x0000000710400000, 0x0000000710400000, 0x0000000710600000|  0%| F|  |TAMS 0x0000000710400000, 0x0000000710400000| Untracked 
| 117|0x0000000710600000, 0x0000000710600000, 0x0000000710800000|  0%| F|  |TAMS 0x0000000710600000, 0x0000000710600000| Untracked 
| 118|0x0000000710800000, 0x0000000710800000, 0x0000000710a00000|  0%| F|  |TAMS 0x0000000710800000, 0x0000000710800000| Untracked 
| 119|0x0000000710a00000, 0x0000000710a00000, 0x0000000710c00000|  0%| F|  |TAMS 0x0000000710a00000, 0x0000000710a00000| Untracked 
| 120|0x0000000710c00000, 0x0000000710c00000, 0x0000000710e00000|  0%| F|  |TAMS 0x0000000710c00000, 0x0000000710c00000| Untracked 
| 121|0x0000000710e00000, 0x0000000710e00000, 0x0000000711000000|  0%| F|  |TAMS 0x0000000710e00000, 0x0000000710e00000| Untracked 
| 122|0x0000000711000000, 0x0000000711000000, 0x0000000711200000|  0%| F|  |TAMS 0x0000000711000000, 0x0000000711000000| Untracked 
| 123|0x0000000711200000, 0x0000000711200000, 0x0000000711400000|  0%| F|  |TAMS 0x0000000711200000, 0x0000000711200000| Untracked 
| 124|0x0000000711400000, 0x0000000711400000, 0x0000000711600000|  0%| F|  |TAMS 0x0000000711400000, 0x0000000711400000| Untracked 
| 125|0x0000000711600000, 0x00000007117eca50, 0x0000000711800000| 96%| E|  |TAMS 0x0000000711600000, 0x0000000711600000| Complete 
| 126|0x0000000711800000, 0x0000000711a00000, 0x0000000711a00000|100%| E|CS|TAMS 0x0000000711800000, 0x0000000711800000| Complete 
| 127|0x0000000711a00000, 0x0000000711c00000, 0x0000000711c00000|100%| E|CS|TAMS 0x0000000711a00000, 0x0000000711a00000| Complete 

Card table byte_map: [0x000001af75410000,0x000001af75c10000] _byte_map_base: 0x000001af71c02000

Marking Bits (Prev, Next): (CMBitMap*) 0x000001af5dd2d720, (CMBitMap*) 0x000001af5dd2d760
 Prev Bits: [0x000001af76410000, 0x000001af7a3a0000)
 Next Bits: [0x000001af7a3a0000, 0x000001af7e330000)

Polling page: 0x000001af5bc70000

Metaspace:

Usage:
  Non-class:      5.02 MB used.
      Class:    651.48 KB used.
       Both:      5.66 MB used.

Virtual space:
  Non-class space:       64.00 MB reserved,       5.06 MB (  8%) committed,  1 nodes.
      Class space:        1.00 GB reserved,     768.00 KB ( <1%) committed,  1 nodes.
             Both:        1.06 GB reserved,       5.81 MB ( <1%) committed. 

Chunk freelists:
   Non-Class:  2.88 MB
       Class:  3.25 MB
        Both:  6.13 MB

MaxMetaspaceSize: unlimited
CompressedClassSpaceSize: 1.00 GB
Initial GC threshold: 21.00 MB
Current GC threshold: 21.00 MB
CDS: on
MetaspaceReclaimPolicy: balanced
 - commit_granule_bytes: 65536.
 - commit_granule_words: 8192.
 - virtual_space_node_default_size: 8388608.
 - enlarge_chunks_in_place: 1.
 - new_chunks_are_fully_committed: 0.
 - uncommit_free_chunks: 1.
 - use_allocation_guard: 0.


Internal statistics:

num_allocs_failed_limit: 0.
num_arena_births: 118.
num_arena_deaths: 0.
num_vsnodes_births: 2.
num_vsnodes_deaths: 0.
num_space_committed: 93.
num_space_uncommitted: 0.
num_chunks_returned_to_freelist: 0.
num_chunks_taken_from_freelist: 124.
num_chunk_merges: 0.
num_chunk_splits: 87.
num_chunks_enlarged: 58.
num_inconsistent_stats: 0.

CodeHeap 'non-profiled nmethods': size=120000Kb used=176Kb max_used=176Kb free=119823Kb
 bounds [0x000001af6d6e0000, 0x000001af6d950000, 0x000001af74c10000]
CodeHeap 'profiled nmethods': size=120000Kb used=832Kb max_used=832Kb free=119167Kb
 bounds [0x000001af65c10000, 0x000001af65e80000, 0x000001af6d140000]
CodeHeap 'non-nmethods': size=5760Kb used=1318Kb max_used=1332Kb free=4441Kb
 bounds [0x000001af6d140000, 0x000001af6d3b0000, 0x000001af6d6e0000]
 total_blobs=1147 nmethods=599 adapters=459
 compilation: enabled
              stopped_count=0, restarted_count=0
 full_count=0

Compilation events (20 events):
Event: 0.695 Thread 0x000001af7e81bd90  589       3       java.lang.Integer::compare (20 bytes)
Event: 0.695 Thread 0x000001af7e81bd90 nmethod 589 0x000001af65cdd610 code [0x000001af65cdd7c0, 0x000001af65cdd998]
Event: 0.695 Thread 0x000001af7e81bd90  591       3       sun.java2d.loops.GraphicsPrimitiveMgr$1::compare (18 bytes)
Event: 0.696 Thread 0x000001af7e81bd90 nmethod 591 0x000001af65cdda10 code [0x000001af65cddbe0, 0x000001af65cdde78]
Event: 0.696 Thread 0x000001af7e812ed0  592       4       sun.java2d.loops.GraphicsPrimitiveMgr$1::compare (13 bytes)
Event: 0.696 Thread 0x000001af7e81bd90  593       3       sun.java2d.loops.GraphicsPrimitiveMgr$2::compare (24 bytes)
Event: 0.696 Thread 0x000001af7e81bd90 nmethod 593 0x000001af65cddf90 code [0x000001af65cde160, 0x000001af65cde5d8]
Event: 0.696 Thread 0x000001af7e81bd90  594       1       sun.java2d.loops.CompositeType::getSuperType (5 bytes)
Event: 0.696 Thread 0x000001af7e81bd90 nmethod 594 0x000001af6d70b490 code [0x000001af6d70b620, 0x000001af6d70b6f8]
Event: 0.696 Thread 0x000001af7e81bd90  595       3       java.util.Arrays::binarySearch0 (95 bytes)
Event: 0.697 Thread 0x000001af7e81bd90 nmethod 595 0x000001af65cde710 code [0x000001af65cde900, 0x000001af65cded38]
Event: 0.697 Thread 0x000001af7e81bd90  596       3       sun.java2d.loops.GraphicsPrimitiveMgr::locate (104 bytes)
Event: 0.697 Thread 0x000001af7e81bd90 nmethod 596 0x000001af65cdef10 code [0x000001af65cdf160, 0x000001af65cdfbf8]
Event: 0.697 Thread 0x000001af7e81bd90  597       3       java.util.Arrays::binarySearch (10 bytes)
Event: 0.697 Thread 0x000001af7e812ed0 nmethod 592 0x000001af6d70b790 code [0x000001af6d70b920, 0x000001af6d70ba58]
Event: 0.697 Thread 0x000001af7e812ed0  599       4       sun.java2d.loops.GraphicsPrimitiveMgr$2::compare (24 bytes)
Event: 0.697 Thread 0x000001af7e81bd90 nmethod 597 0x000001af65cdfe90 code [0x000001af65ce0040, 0x000001af65ce0168]
Event: 0.697 Thread 0x000001af7e81bd90  598       1       sun.java2d.loops.SurfaceType::getSuperType (5 bytes)
Event: 0.697 Thread 0x000001af7e81bd90 nmethod 598 0x000001af6d70bb90 code [0x000001af6d70bd20, 0x000001af6d70bdf8]
Event: 0.698 Thread 0x000001af7e812ed0 nmethod 599 0x000001af6d70be90 code [0x000001af6d70c020, 0x000001af6d70c138]

GC Heap History (0 events):
No events

Dll operation events (7 events):
Event: 0.012 Loaded shared library C:\Program Files\Java\jdk-19\bin\java.dll
Event: 0.196 Loaded shared library C:\Program Files\Java\jdk-19\bin\jsvml.dll
Event: 0.299 Loaded shared library C:\Program Files\Java\jdk-19\bin\net.dll
Event: 0.303 Loaded shared library C:\Program Files\Java\jdk-19\bin\nio.dll
Event: 0.341 Loaded shared library C:\Program Files\Java\jdk-19\bin\zip.dll
Event: 0.384 Loaded shared library C:\Program Files\Java\jdk-19\bin\jimage.dll
Event: 0.406 Loaded shared library C:\Program Files\Java\jdk-19\bin\awt.dll

Deoptimization events (4 events):
Event: 0.566 Thread 0x000001af5dcbcac0 Uncommon trap: trap_request=0xffffff45 fr.pc=0x000001af6d6eff7c relative=0x0000000000000bdc
Event: 0.567 Thread 0x000001af5dcbcac0 Uncommon trap: reason=unstable_if action=reinterpret pc=0x000001af6d6eff7c method=java.util.HashMap.putVal(ILjava/lang/Object;Ljava/lang/Object;ZZ)Ljava/lang/Object; @ 81 c2
Event: 0.567 Thread 0x000001af5dcbcac0 DEOPT PACKING pc=0x000001af6d6eff7c sp=0x0000005e287fdf70
Event: 0.567 Thread 0x000001af5dcbcac0 DEOPT UNPACKING pc=0x000001af6d1a6da3 sp=0x0000005e287fdf20 mode 2

Classes loaded (20 events):
Event: 0.692 Loading class sun/java2d/pipe/ValidatePipe
Event: 0.692 Loading class sun/java2d/pipe/ValidatePipe done
Event: 0.692 Loading class sun/java2d/loops/CustomComponent
Event: 0.692 Loading class sun/java2d/loops/CustomComponent done
Event: 0.692 Loading class sun/java2d/loops/GraphicsPrimitiveProxy
Event: 0.692 Loading class sun/java2d/loops/GraphicsPrimitiveProxy done
Event: 0.692 Loading class sun/java2d/loops/GeneralRenderer
Event: 0.693 Loading class sun/java2d/loops/GeneralRenderer done
Event: 0.694 Loading class sun/java2d/loops/GraphicsPrimitiveMgr$1
Event: 0.694 Loading class sun/java2d/loops/GraphicsPrimitiveMgr$1 done
Event: 0.694 Loading class sun/java2d/loops/GraphicsPrimitiveMgr$2
Event: 0.694 Loading class sun/java2d/loops/GraphicsPrimitiveMgr$2 done
Event: 0.694 Loading class sun/java2d/windows/GDIRenderer
Event: 0.695 Loading class sun/java2d/windows/GDIRenderer done
Event: 0.695 Loading class sun/java2d/loops/RenderLoops
Event: 0.695 Loading class sun/java2d/loops/RenderLoops done
Event: 0.695 Loading class sun/java2d/loops/GraphicsPrimitiveMgr$PrimitiveSpec
Event: 0.695 Loading class sun/java2d/loops/GraphicsPrimitiveMgr$PrimitiveSpec done
Event: 0.697 Loading class sun/java2d/loops/DrawGlyphListColor
Event: 0.697 Loading class sun/java2d/loops/DrawGlyphListColor done

Classes unloaded (0 events):
No events

Classes redefined (0 events):
No events

Internal exceptions (15 events):
Event: 0.305 Thread 0x000001af5dcbcac0 Exception <a 'sun/nio/fs/WindowsException'{0x0000000711bb1ef0}> (0x0000000711bb1ef0) 
thrown [s\open\src\hotspot\share\prims\jni.cpp, line 517]
Event: 0.305 Thread 0x000001af5dcbcac0 Exception <a 'sun/nio/fs/WindowsException'{0x0000000711bb2480}> (0x0000000711bb2480) 
thrown [s\open\src\hotspot\share\prims\jni.cpp, line 517]
Event: 0.308 Thread 0x000001af5dcbcac0 Exception <a 'sun/nio/fs/WindowsException'{0x0000000711bb4968}> (0x0000000711bb4968) 
thrown [s\open\src\hotspot\share\prims\jni.cpp, line 517]
Event: 0.308 Thread 0x000001af5dcbcac0 Exception <a 'sun/nio/fs/WindowsException'{0x0000000711bb54a0}> (0x0000000711bb54a0) 
thrown [s\open\src\hotspot\share\prims\jni.cpp, line 517]
Event: 0.390 Thread 0x000001af5dcbcac0 Exception <a 'java/lang/ClassNotFoundException'{0x000000071187e7e8}: sun/awt/resources/spi/awtProvider> (0x000000071187e7e8) 
thrown [s\open\src\hotspot\share\classfile\systemDictionary.cpp, line 255]
Event: 0.421 Thread 0x000001af5dcbcac0 Exception <a 'java/io/FileNotFoundException'{0x00000007118d5fe0}> (0x00000007118d5fe0) 
thrown [s\open\src\hotspot\share\prims\jni.cpp, line 517]
Event: 0.430 Thread 0x000001af5dcbcac0 Exception <a 'java/io/FileNotFoundException'{0x00000007119027a0}> (0x00000007119027a0) 
thrown [s\open\src\hotspot\share\prims\jni.cpp, line 517]
Event: 0.509 Thread 0x000001af5dcbcac0 Exception <a 'java/lang/NoSuchMethodError'{0x0000000711947420}: 'java.lang.Object java.lang.invoke.DirectMethodHandle$Holder.invokeStaticInit(java.lang.Object)'> (0x0000000711947420) 
thrown [s\open\src\hotspot\share\interpreter\linkResolver.cpp, line 774]
Event: 0.569 Thread 0x000001af5dcbcac0 Exception <a 'java/lang/NoSuchMethodError'{0x00000007116174f0}: 'void java.lang.invoke.DirectMethodHandle$Holder.invokeSpecial(java.lang.Object, java.lang.Object, java.lang.Object)'> (0x00000007116174f0) 
thrown [s\open\src\hotspot\share\interpreter\linkResolver.cpp, line 774]
Event: 0.584 Thread 0x000001af5dcbcac0 Exception <a 'java/lang/NoSuchMethodError'{0x0000000711642278}: 'java.lang.Object java.lang.invoke.DirectMethodHandle$Holder.newInvokeSpecial(java.lang.Object, java.lang.Object, java.lang.Object, java.lang.Object, java.lang.Object)'> (0x0000000711642278) 
thrown [s\open\src\hotspot\share\interpreter\linkResolver.cpp, line 774]
Event: 0.600 Thread 0x000001af5dcbcac0 Exception <a 'java/lang/NoSuchMethodError'{0x0000000711673960}: 'java.lang.Object java.lang.invoke.DirectMethodHandle$Holder.invokeStatic(java.lang.Object, int, java.lang.Object)'> (0x0000000711673960) 
thrown [s\open\src\hotspot\share\interpreter\linkResolver.cpp, line 774]
Event: 0.637 Thread 0x000001af5dcbcac0 Exception <a 'java/lang/ClassNotFoundException'{0x000000071172f5e8}: com/sun/swing/internal/plaf/metal/resources/spi/metalProvider> (0x000000071172f5e8) 
thrown [s\open\src\hotspot\share\classfile\systemDictionary.cpp, line 255]
Event: 0.637 Thread 0x000001af5dcbcac0 Exception <a 'java/lang/ClassNotFoundException'{0x00000007117335b8}: com/sun/swing/internal/plaf/basic/resources/spi/basicProvider> (0x00000007117335b8) 
thrown [s\open\src\hotspot\share\classfile\systemDictionary.cpp, line 255]
Event: 0.650 Thread 0x000001af5dcbcac0 Exception <a 'java/lang/NoSuchMethodError'{0x0000000711753708}: 'int java.lang.invoke.Invokers$Holder.invokeExact_MT(java.lang.Object, java.lang.Object)'> (0x0000000711753708) 
thrown [s\open\src\hotspot\share\interpreter\linkResolver.cpp, line 774]
Event: 0.683 Thread 0x000001af7ec9a670 Exception <a 'java/lang/NoSuchMethodError'{0x00000007119be8c0}: 'void java.lang.invoke.DirectMethodHandle$Holder.invokeVirtual(java.lang.Object, java.lang.Object)'> (0x00000007119be8c0) 
thrown [s\open\src\hotspot\share\interpreter\linkResolver.cpp, line 774]

VM Operations (6 events):
Event: 0.311 Executing VM operation: HandshakeAllThreads
Event: 0.311 Executing VM operation: HandshakeAllThreads done
Event: 0.441 Executing VM operation: HandshakeAllThreads
Event: 0.441 Executing VM operation: HandshakeAllThreads done
Event: 0.671 Executing VM operation: HandshakeAllThreads
Event: 0.671 Executing VM operation: HandshakeAllThreads done

Events (16 events):
Event: 0.196 Thread 0x000001af5dcbcac0 Thread added: 0x000001af5dcbcac0
Event: 0.213 Thread 0x000001af7e809a50 Thread added: 0x000001af7e809a50
Event: 0.213 Thread 0x000001af7e80a380 Thread added: 0x000001af7e80a380
Event: 0.213 Thread 0x000001af7e80b070 Thread added: 0x000001af7e80b070
Event: 0.213 Thread 0x000001af7e80cc30 Thread added: 0x000001af7e80cc30
Event: 0.213 Thread 0x000001af7e80d920 Thread added: 0x000001af7e80d920
Event: 0.214 Thread 0x000001af7e810260 Thread added: 0x000001af7e810260
Event: 0.214 Thread 0x000001af7e812ed0 Thread added: 0x000001af7e812ed0
Event: 0.214 Thread 0x000001af7e81bd90 Thread added: 0x000001af7e81bd90
Event: 0.215 Thread 0x000001af7e8398c0 Thread added: 0x000001af7e8398c0
Event: 0.267 Thread 0x000001af7e7de9c0 Thread added: 0x000001af7e7de9c0
Event: 0.328 Thread 0x000001af7ea759a0 Thread added: 0x000001af7ea759a0
Event: 0.511 Thread 0x000001af7ec8d240 Thread added: 0x000001af7ec8d240
Event: 0.513 Thread 0x000001af7ec90240 Thread added: 0x000001af7ec90240
Event: 0.515 Thread 0x000001af7ec9a670 Thread added: 0x000001af7ec9a670
Event: 0.683 Thread 0x000001af7f7c4040 Thread added: 0x000001af7f7c4040


Dynamic libraries:
0x00007ff6a0b10000 - 0x00007ff6a0b20000 	C:\Program Files\Java\jdk-19\bin\java.exe
0x00007ffd60ba0000 - 0x00007ffd60d8d000 	C:\Windows\SYSTEM32\ntdll.dll
0x00007ffd60900000 - 0x00007ffd609b3000 	C:\Windows\System32\KERNEL32.DLL
0x00007ffd5d1b0000 - 0x00007ffd5d443000 	C:\Windows\System32\KERNELBASE.dll
0x00007ffd5ce90000 - 0x00007ffd5cf8a000 	C:\Windows\System32\ucrtbase.dll
0x00007ffd52890000 - 0x00007ffd528a8000 	C:\Program Files\Java\jdk-19\bin\jli.dll
0x00007ffd521f0000 - 0x00007ffd5220b000 	C:\Program Files\Java\jdk-19\bin\VCRUNTIME140.dll
0x00007ffd60700000 - 0x00007ffd607a3000 	C:\Windows\System32\ADVAPI32.dll
0x00007ffd60ad0000 - 0x00007ffd60b6e000 	C:\Windows\System32\msvcrt.dll
0x00007ffd60660000 - 0x00007ffd606fe000 	C:\Windows\System32\sechost.dll
0x00007ffd5f860000 - 0x00007ffd5f982000 	C:\Windows\System32\RPCRT4.dll
0x00007ffd5e1c0000 - 0x00007ffd5e357000 	C:\Windows\System32\USER32.dll
0x00007ffd4aa90000 - 0x00007ffd4ad09000 	C:\Windows\WinSxS\amd64_microsoft.windows.common-controls_6595b64144ccf1df_6.0.17763.1098_none_de762ed45346ee8a\COMCTL32.dll
0x00007ffd5dda0000 - 0x00007ffd5ddc0000 	C:\Windows\System32\win32u.dll
0x00007ffd5ddc0000 - 0x00007ffd5e0ec000 	C:\Windows\System32\combase.dll
0x00007ffd608d0000 - 0x00007ffd608f9000 	C:\Windows\System32\GDI32.dll
0x00007ffd5d040000 - 0x00007ffd5d0be000 	C:\Windows\System32\bcryptPrimitives.dll
0x00007ffd5ccf0000 - 0x00007ffd5ce89000 	C:\Windows\System32\gdi32full.dll
0x00007ffd5d0c0000 - 0x00007ffd5d160000 	C:\Windows\System32\msvcp_win.dll
0x00007ffd53770000 - 0x00007ffd5377a000 	C:\Windows\SYSTEM32\VERSION.dll
0x00007ffd5fd50000 - 0x00007ffd5fd7e000 	C:\Windows\System32\IMM32.DLL
0x00007ffd53d60000 - 0x00007ffd53d6c000 	C:\Program Files\Java\jdk-19\bin\vcruntime140_1.dll
0x00007ffd22de0000 - 0x00007ffd22e6e000 	C:\Program Files\Java\jdk-19\bin\msvcp140.dll
0x00007ffce7be0000 - 0x00007ffce88a0000 	C:\Program Files\Java\jdk-19\bin\server\jvm.dll
0x00007ffd5a1b0000 - 0x00007ffd5a1d4000 	C:\Windows\SYSTEM32\WINMM.dll
0x00007ffd474b0000 - 0x00007ffd474b9000 	C:\Windows\SYSTEM32\WSOCK32.dll
0x00007ffd607b0000 - 0x00007ffd6081d000 	C:\Windows\System32\WS2_32.dll
0x00007ffd5a180000 - 0x00007ffd5a1ad000 	C:\Windows\SYSTEM32\winmmbase.dll
0x00007ffd5d160000 - 0x00007ffd5d1aa000 	C:\Windows\System32\cfgmgr32.dll
0x00007ffd5cb90000 - 0x00007ffd5cba1000 	C:\Windows\System32\kernel.appcore.dll
0x00007ffd52850000 - 0x00007ffd5285a000 	C:\Program Files\Java\jdk-19\bin\jimage.dll
0x00007ffd5b4e0000 - 0x00007ffd5b6cd000 	C:\Windows\SYSTEM32\DBGHELP.DLL
0x00007ffd40fd0000 - 0x00007ffd40ffa000 	C:\Windows\SYSTEM32\dbgcore.DLL
0x00007ffd4d690000 - 0x00007ffd4d6b6000 	C:\Program Files\Java\jdk-19\bin\java.dll
0x00007ffd24510000 - 0x00007ffd245e7000 	C:\Program Files\Java\jdk-19\bin\jsvml.dll
0x00007ffd5e360000 - 0x00007ffd5f854000 	C:\Windows\System32\SHELL32.dll
0x00007ffd60820000 - 0x00007ffd608c8000 	C:\Windows\System32\shcore.dll
0x00007ffd5d450000 - 0x00007ffd5db9d000 	C:\Windows\System32\windows.storage.dll
0x00007ffd5cbb0000 - 0x00007ffd5cbd4000 	C:\Windows\System32\profapi.dll
0x00007ffd5cbe0000 - 0x00007ffd5cc3d000 	C:\Windows\System32\powrprof.dll
0x00007ffd5e100000 - 0x00007ffd5e152000 	C:\Windows\System32\shlwapi.dll
0x00007ffd5dba0000 - 0x00007ffd5dbb7000 	C:\Windows\System32\cryptsp.dll
0x00007ffd52190000 - 0x00007ffd521a3000 	C:\Program Files\Java\jdk-19\bin\net.dll
0x00007ffd52da0000 - 0x00007ffd52e92000 	C:\Windows\SYSTEM32\WINHTTP.dll
0x00007ffd5c400000 - 0x00007ffd5c467000 	C:\Windows\system32\mswsock.dll
0x00007ffd4d670000 - 0x00007ffd4d686000 	C:\Program Files\Java\jdk-19\bin\nio.dll
0x00007ffd4c320000 - 0x00007ffd4c338000 	C:\Program Files\Java\jdk-19\bin\zip.dll
0x00007ffd1de50000 - 0x00007ffd1dfe1000 	C:\Program Files\Java\jdk-19\bin\awt.dll
0x00007ffd5f990000 - 0x00007ffd5fa54000 	C:\Windows\System32\OLEAUT32.dll
0x00007ffd5a9f0000 - 0x00007ffd5aa7c000 	C:\Windows\SYSTEM32\apphelp.dll
0x00007ffd5ae20000 - 0x00007ffd5ae4e000 	C:\Windows\system32\DWMAPI.DLL
0x00007ffd5dbc0000 - 0x00007ffd5dd9c000 	C:\Windows\System32\CRYPT32.dll
0x00007ffd5cc40000 - 0x00007ffd5cc52000 	C:\Windows\System32\MSASN1.dll
0x00007ffd5ab40000 - 0x00007ffd5abdc000 	C:\Windows\system32\uxtheme.dll
0x00007ffd2ad40000 - 0x00007ffd2ae67000 	C:\Windows\system32\opengl32.dll
0x00007ffd2b640000 - 0x00007ffd2b66c000 	C:\Windows\SYSTEM32\GLU32.dll
0x00007ffd60070000 - 0x00007ffd601db000 	C:\Windows\System32\MSCTF.dll
0x00007ffd5ff10000 - 0x00007ffd60065000 	C:\Windows\System32\ole32.dll

dbghelp: loaded successfully - version: 4.0.5 - missing functions: none
symbol engine: initialized successfully - sym options: 0x614 - pdb path: .;C:\Program Files\Java\jdk-19\bin;C:\Windows\SYSTEM32;C:\Windows\WinSxS\amd64_microsoft.windows.common-controls_6595b64144ccf1df_6.0.17763.1098_none_de762ed45346ee8a;C:\Program Files\Java\jdk-19\bin\server

VM Arguments:
jvm_args: -Dfile.encoding=UTF-8 --module-path=C:\Users\Payal\Documents\NetBeansProjects\Employee Management System\build\classes 
java_command: employee.management.system.UpdateEmployee
java_class_path (initial): D:\Downloads\mysql-connector-java-8.0.28.jar;D:\Downloads\jcalendar-tz-1.3.3-4.jar;D:\Downloads\rs2xml.jar;C:\Users\Payal\Documents\NetBeansProjects\Employee Management System\build\classes
Launcher Type: SUN_STANDARD

[Global flags]
     intx CICompilerCount                          = 3                                         {product} {ergonomic}
     uint ConcGCThreads                            = 1                                         {product} {ergonomic}
     uint G1ConcRefinementThreads                  = 4                                         {product} {ergonomic}
   size_t G1HeapRegionSize                         = 2097152                                   {product} {ergonomic}
    uintx GCDrainStackTargetSize                   = 64                                        {product} {ergonomic}
   size_t InitialHeapSize                          = 268435456                                 {product} {ergonomic}
   size_t MarkStackSize                            = 4194304                                   {product} {ergonomic}
   size_t MaxHeapSize                              = 4265607168                                {product} {ergonomic}
   size_t MaxNewSize                               = 2558525440                                {product} {ergonomic}
   size_t MinHeapDeltaBytes                        = 2097152                                   {product} {ergonomic}
   size_t MinHeapSize                              = 8388608                                   {product} {ergonomic}
    uintx NonNMethodCodeHeapSize                   = 5832780                                {pd product} {ergonomic}
    uintx NonProfiledCodeHeapSize                  = 122912730                              {pd product} {ergonomic}
    uintx ProfiledCodeHeapSize                     = 122912730                              {pd product} {ergonomic}
    uintx ReservedCodeCacheSize                    = 251658240                              {pd product} {ergonomic}
     bool SegmentedCodeCache                       = true                                      {product} {ergonomic}
   size_t SoftMaxHeapSize                          = 4265607168                             {manageable} {ergonomic}
     bool UseCompressedClassPointers               = true                           {product lp64_product} {ergonomic}
     bool UseCompressedOops                        = true                           {product lp64_product} {ergonomic}
     bool UseG1GC                                  = true                                      {product} {ergonomic}
     bool UseLargePagesIndividualAllocation        = false                                  {pd product} {ergonomic}

Logging:
Log output configuration:
 #0: stdout all=warning uptime,level,tags foldmultilines=false
 #1: stderr all=off uptime,level,tags foldmultilines=false

Environment Variables:
JAVA_HOME=C:\Program Files\Java\jdk-19
PATH=C:\Program Files\Common Files\Oracle\Java\javapath;C:\Program Files\Microsoft\jdk-11.0.12.7-hotspot\bin;C:\Program Files\Python310\Scripts\;C:\Program Files\Python310\;C:\Python37\Scripts\;C:\Python37\;C:\Windows\system32;C:\Windows;C:\Windows\System32\Wbem;C:\Windows\System32\WindowsPowerShell\v1.0\;C:\Windows\System32\OpenSSH\;C:\Users\Payal\Desktop;C:\MinGW\bin;C:\Users\Payal\AppData\Roaming\npm\node_modules\nodemon\bin;C:\Users\Payal\AppData\Roaming\Microsoft\Windows\Start Menu\Programs\Python 3.10;C:\Program Files\Git\cmd;C:\Windows\Dart\dart-sdk\bin;C:\Dart\Dart\dart-sdk\bin;C:\Program Files\Java\jdk-19\bin;C:\Program Files\MySQL\MySQL Shell 8.0\bin\;C:\Python\Python38\Scripts\;C:\Python\Python38\;C:\Users\Payal\AppData\Local\Microsoft\WindowsApps;C:\Program Files\JetBrains\PyCharm Community Edition 2019.3.4\bin;;C:\Users\Payal\AppData\Local\Programs\Python\Python38-32;C:\src\flutter\bin;C:\Windows\Dart\dart-sdk\bin;C:\src\flutter\bin;C:\scr\flutterSDK\flutter\bin;C:\Users\Payal\AppData\Local\Programs\Microsoft VS Code\bin;C:\Users\Payal\AppData\Local\GitHubDesktop\bin;C:\Windows\System32
USERNAME=Payal
OS=Windows_NT
PROCESSOR_IDENTIFIER=Intel64 Family 6 Model 142 Stepping 9, GenuineIntel
TMP=C:\Users\Payal\AppData\Local\Temp
TEMP=C:\Users\Payal\AppData\Local\Temp



---------------  S Y S T E M  ---------------

OS:
 Windows 10 , 64 bit Build 17763 (10.0.17763.475)
OS uptime: 6 days 16:11 hours

CPU: total 4 (initial active 4) (2 cores per cpu, 2 threads per core) family 6 model 142 stepping 9 microcode 0x8e, cx8, cmov, fxsr, ht, mmx, 3dnowpref, sse, sse2, sse3, ssse3, sse4.1, sse4.2, popcnt, lzcnt, tsc, tscinvbit, avx, avx2, aes, erms, clmul, bmi1, bmi2, adx, fma, vzeroupper, clflush, clflushopt, rdtscp

Memory: 4k page, system-wide physical 16267M (6310M free)
TotalPageFile size 46267M (AvailPageFile size 2M)
current process WorkingSet (physical memory assigned to process): 48M, peak: 48M
current process commit charge ("private bytes"): 344M, peak: 344M

vm_info: Java HotSpot(TM) 64-Bit Server VM (19+36-2238) for windows-amd64 JRE (19+36-2238), built on 2022-08-12T20:29:01Z by "mach5one" with MS VC++ 17.1 (VS2022)

END.
